<?xml version="1.0" encoding="UTF-8"?>
<testsuite name="io.openems.edge.controller.battery.batteryprotection.TestController" tests="1" skipped="0" failures="0" errors="0" timestamp="2020-11-17T21:59:18" hostname="FEN022" time="0.02">
  <properties/>
  <testcase name="test" classname="io.openems.edge.controller.battery.batteryprotection.TestController" time="0.02"/>
  <system-out><![CDATA[]]></system-out>
  <system-err><![CDATA[[Test worker] INFO io.openems.edge.common.component.AbstractOpenemsComponent - [ctrl0] Activate BatteryProtectionController
[Test worker] INFO io.openems.edge.common.component.AbstractOpenemsComponent - [ctrl0] Activate BatteryProtectionController
[Test worker] INFO io.openems.edge.common.component.AbstractOpenemsComponent - [ess0] Activate DummyManagedSymmetricEss
]]></system-err>
</testsuite>
