<?xml version="1.0" encoding="UTF-8"?>
<testsuite name="io.openems.edge.controller.battery.batteryprotection.state.TestCheck" tests="7" skipped="0" failures="0" errors="0" timestamp="2020-11-17T21:59:10" hostname="FEN022" time="0.026">
  <properties/>
  <testcase name="testGetState" classname="io.openems.edge.controller.battery.batteryprotection.state.TestCheck" time="0.007"/>
  <testcase name="testGetNextStateNoChanges" classname="io.openems.edge.controller.battery.batteryprotection.state.TestCheck" time="0.001"/>
  <testcase name="testGetNextStateForceCharge" classname="io.openems.edge.controller.battery.batteryprotection.state.TestCheck" time="0.001"/>
  <testcase name="testActAllowCharging" classname="io.openems.edge.controller.battery.batteryprotection.state.TestCheck" time="0.007"/>
  <testcase name="testGetNextStateNormal" classname="io.openems.edge.controller.battery.batteryprotection.state.TestCheck" time="0.002"/>
  <testcase name="testGetNextStateUndefined" classname="io.openems.edge.controller.battery.batteryprotection.state.TestCheck" time="0.002"/>
  <testcase name="testActDenyDischarging" classname="io.openems.edge.controller.battery.batteryprotection.state.TestCheck" time="0.002"/>
  <system-out><![CDATA[]]></system-out>
  <system-err><![CDATA[[Test worker] INFO io.openems.edge.controller.battery.batteryprotection.state.Check - deny discharging
[Test worker] INFO io.openems.edge.controller.battery.batteryprotection.state.Check - deny discharging
]]></system-err>
</testsuite>
