<?xml version="1.0" encoding="UTF-8"?>
<testsuite name="io.openems.edge.controller.battery.batteryprotection.state.TestBaseState" tests="10" skipped="0" failures="0" errors="0" timestamp="2020-11-17T21:59:10" hostname="FEN022" time="0.037">
  <properties/>
  <testcase name="testIsNextStateUndefined" classname="io.openems.edge.controller.battery.batteryprotection.state.TestBaseState" time="0.009"/>
  <testcase name="testDenyDischarge" classname="io.openems.edge.controller.battery.batteryprotection.state.TestBaseState" time="0.012"/>
  <testcase name="testGetBmsMinCellVoltage" classname="io.openems.edge.controller.battery.batteryprotection.state.TestBaseState" time="0.002"/>
  <testcase name="testChargeEssWithPercentOfMaxPower" classname="io.openems.edge.controller.battery.batteryprotection.state.TestBaseState" time="0.001"/>
  <testcase name="testBaseState" classname="io.openems.edge.controller.battery.batteryprotection.state.TestBaseState" time="0.003"/>
  <testcase name="testDenyCharge" classname="io.openems.edge.controller.battery.batteryprotection.state.TestBaseState" time="0.002"/>
  <testcase name="testGetBmsMinCellTemperature" classname="io.openems.edge.controller.battery.batteryprotection.state.TestBaseState" time="0.001"/>
  <testcase name="testGetBmsMaxCellTemperature" classname="io.openems.edge.controller.battery.batteryprotection.state.TestBaseState" time="0.001"/>
  <testcase name="testGetBmsSoC" classname="io.openems.edge.controller.battery.batteryprotection.state.TestBaseState" time="0.002"/>
  <testcase name="testGetBmsMaxCellVoltage" classname="io.openems.edge.controller.battery.batteryprotection.state.TestBaseState" time="0.002"/>
  <system-out><![CDATA[]]></system-out>
  <system-err><![CDATA[]]></system-err>
</testsuite>
