<?xml version="1.0" encoding="UTF-8"?>
<testsuite name="io.openems.edge.controller.battery.batteryprotection.state.TestFullCharge" tests="8" skipped="0" failures="0" errors="0" timestamp="2020-11-17T21:59:13" hostname="FEN022" time="0.016">
  <properties/>
  <testcase name="testGetNextStateNormalCriticalVoltageExceeded" classname="io.openems.edge.controller.battery.batteryprotection.state.TestFullCharge" time="0.004"/>
  <testcase name="testGetState" classname="io.openems.edge.controller.battery.batteryprotection.state.TestFullCharge" time="0.002"/>
  <testcase name="testAct" classname="io.openems.edge.controller.battery.batteryprotection.state.TestFullCharge" time="0.001"/>
  <testcase name="testGetNextStateUndefinedMaxCellVoltageUndefined" classname="io.openems.edge.controller.battery.batteryprotection.state.TestFullCharge" time="0.002"/>
  <testcase name="testGetNextStateFullChargeMinVoltageChanged" classname="io.openems.edge.controller.battery.batteryprotection.state.TestFullCharge" time="0.001"/>
  <testcase name="testGetNextStateUndefinedSoCUndefined" classname="io.openems.edge.controller.battery.batteryprotection.state.TestFullCharge" time="0.001"/>
  <testcase name="testGetNextStateNormalCriticalVoltageReached" classname="io.openems.edge.controller.battery.batteryprotection.state.TestFullCharge" time="0.001"/>
  <testcase name="testGetNextStateFullChargeNothingChanged" classname="io.openems.edge.controller.battery.batteryprotection.state.TestFullCharge" time="0.001"/>
  <system-out><![CDATA[]]></system-out>
  <system-err><![CDATA[[Test worker] INFO io.openems.edge.controller.battery.batteryprotection.state.FullCharge - Set charge power to max
]]></system-err>
</testsuite>
